[2022-09-07 14:19:34,905] {manager.py:504} INFO - Processing files using up to 2 processes at a time 
[2022-09-07 14:19:35,104] {manager.py:505} INFO - Process each file at most once every 30 seconds
[2022-09-07 14:19:35,105] {manager.py:507} INFO - Checking for new files in /opt/airflow/dags every 300 seconds
[2022-09-07 14:19:35,193] {manager.py:653} INFO - Searching for files in /opt/airflow/dags
[2022-09-07 14:19:41,460] {manager.py:656} INFO - There are 1 files in /opt/airflow/dags
[2022-09-07 14:19:42,509] {manager.py:1051} INFO - Finding 'running' jobs without a recent heartbeat
[2022-09-07 14:19:42,511] {manager.py:1055} INFO - Failing jobs without heartbeat after 2022-09-07 14:14:42.511604+00:00
[2022-09-07 14:19:43,623] {manager.py:774} INFO - 
================================================================================
DAG File Processing Stats

File Path                           PID  Runtime      # DAGs    # Errors  Last Runtime    Last Run
--------------------------------  -----  ---------  --------  ----------  --------------  ----------
/opt/airflow/dags/ml_pipeline.py    294  1.56s             0           0
================================================================================
[2022-09-07 14:19:53,548] {manager.py:1051} INFO - Finding 'running' jobs without a recent heartbeat
[2022-09-07 14:19:53,549] {manager.py:1055} INFO - Failing jobs without heartbeat after 2022-09-07 14:14:53.549702+00:00
[2022-09-07 14:20:03,667] {manager.py:1051} INFO - Finding 'running' jobs without a recent heartbeat
[2022-09-07 14:20:03,670] {manager.py:1055} INFO - Failing jobs without heartbeat after 2022-09-07 14:15:03.670670+00:00
[2022-09-07 14:20:05,428] {manager.py:485} INFO - Exiting gracefully upon receiving signal 15
[2022-09-07 14:20:06,766] {manager.py:485} INFO - Exiting gracefully upon receiving signal 15
[2022-09-07 14:20:11,632] {manager.py:485} INFO - Exiting gracefully upon receiving signal 15
